<?xml version="1.0" encoding="UTF-8"?>
<!-- Generated by org.testng.reporters.JUnitXMLReporter -->
<testsuite hostname="DESKTOP-DILMQ2K" ignored="0" name="Test" tests="5" failures="1" timestamp="08 Jun 2019 08:31:26 GMT" time="1.707" errors="0">
  <testcase name="@AfterMethod getResult" time="0.017" classname="extentReportWithTestNG.ExceptionWithFailureScreenshot">
    <failure type="java.lang.NullPointerException">
      <![CDATA[java.lang.NullPointerException
at extentReportWithTestNG.ExceptionWithFailureScreenshot.getResult(ExceptionWithFailureScreenshot.java:113)
... Removed 28 stack frames]]>
    </failure>
  </testcase> <!-- @AfterMethod getResult -->
  <testcase name="@AfterMethod getResult" time="0.0" classname="extentReportWithTestNG.ExceptionWithFailureScreenshot">
    <skipped/>
  </testcase> <!-- @AfterMethod getResult -->
  <testcase name="@AfterMethod getResult" time="0.0" classname="extentReportWithTestNG.ExceptionWithFailureScreenshot">
    <skipped/>
  </testcase> <!-- @AfterMethod getResult -->
  <testcase name="@AfterMethod getResult" time="0.0" classname="extentReportWithTestNG.ExceptionWithFailureScreenshot">
    <skipped/>
  </testcase> <!-- @AfterMethod getResult -->
  <testcase name="@AfterTest quit" time="0.0" classname="extentReportWithTestNG.ExceptionWithFailureScreenshot">
    <skipped/>
  </testcase> <!-- @AfterTest quit -->
  <testcase name="callReport" time="1.28" classname="commonCallForReport.callReportDefinition"/>
  <testcase name="abcd" time="0.109" classname="extentReportWithTestNG.ExceptionWithFailureScreenshot">
    <failure type="java.lang.IllegalStateException" message="The path to the driver executable must be set by the webdriver.chrome.driver system property; for more information, see https://github.com/SeleniumHQ/selenium/wiki/ChromeDriver. The latest version can be downloaded from http://chromedriver.storage.googleapis.com/index.html">
      <![CDATA[java.lang.IllegalStateException: The path to the driver executable must be set by the webdriver.chrome.driver system property; for more information, see https://github.com/SeleniumHQ/selenium/wiki/ChromeDriver. The latest version can be downloaded from http://chromedriver.storage.googleapis.com/index.html
at com.google.common.base.Preconditions.checkState(Preconditions.java:847)
at org.openqa.selenium.remote.service.DriverService.findExecutable(DriverService.java:125)
at org.openqa.selenium.chrome.ChromeDriverService.access$000(ChromeDriverService.java:35)
at org.openqa.selenium.chrome.ChromeDriverService$Builder.findDefaultExecutable(ChromeDriverService.java:156)
at org.openqa.selenium.remote.service.DriverService$Builder.build(DriverService.java:346)
at org.openqa.selenium.chrome.ChromeDriverService.createDefaultService(ChromeDriverService.java:91)
at org.openqa.selenium.chrome.ChromeDriver.<init>(ChromeDriver.java:123)
at extentReportWithTestNG.ExceptionWithFailureScreenshot.abcd(ExceptionWithFailureScreenshot.java:80)
... Removed 25 stack frames]]>
    </failure>
  </testcase> <!-- abcd -->
  <testcase name="failTest" time="0.0" classname="extentReportWithTestNG.ExceptionWithFailureScreenshot">
    <skipped/>
  </testcase> <!-- failTest -->
  <testcase name="passTest" time="0.0" classname="extentReportWithTestNG.ExceptionWithFailureScreenshot">
    <skipped/>
  </testcase> <!-- passTest -->
  <testcase name="skipTest" time="0.0" classname="extentReportWithTestNG.ExceptionWithFailureScreenshot">
    <skipped/>
  </testcase> <!-- skipTest -->
</testsuite> <!-- Test -->
